2021-02-25 15:53:14.368+0000 INFO [o.n.g.f.m.e.CommunityEditionModule] No locking implementation specified, defaulting to 'community'
2021-02-25 15:53:15.020+0000 INFO [o.n.g.f.GraphDatabaseFacadeFactory] Creating 'graph.db' database.
2021-02-25 15:53:15.196+0000 INFO [o.n.k.a.DatabaseAvailabilityGuard] Requirement `Database available` makes database graph.db unavailable.
2021-02-25 15:53:15.199+0000 INFO [o.n.k.a.DatabaseAvailabilityGuard] Database graph.db is unavailable.
2021-02-25 15:53:15.358+0000 INFO [o.n.i.d.DiagnosticsManager] --- INITIALIZED diagnostics START ---
2021-02-25 15:53:15.360+0000 INFO [o.n.i.d.DiagnosticsManager] Neo4j Kernel properties:
2021-02-25 15:53:15.360+0000 INFO [o.n.i.d.DiagnosticsManager] dbms.connector.http.enabled=true
2021-02-25 15:53:15.360+0000 INFO [o.n.i.d.DiagnosticsManager] dbms.security.auth_enabled=true
2021-02-25 15:53:15.360+0000 INFO [o.n.i.d.DiagnosticsManager] dbms.windows_service_name=neo4j
2021-02-25 15:53:15.361+0000 INFO [o.n.i.d.DiagnosticsManager] dbms.connector.http.listen_address=0.0.0.0:7474
2021-02-25 15:53:15.361+0000 INFO [o.n.i.d.DiagnosticsManager] dbms.connector.https.listen_address=0.0.0.0:7473
2021-02-25 15:53:15.361+0000 INFO [o.n.i.d.DiagnosticsManager] unsupported.dbms.directories.neo4j_home=/var/lib/neo4j
2021-02-25 15:53:15.361+0000 INFO [o.n.i.d.DiagnosticsManager] dbms.connector.bolt.listen_address=0.0.0.0:7687
2021-02-25 15:53:15.361+0000 INFO [o.n.i.d.DiagnosticsManager] dbms.directories.import=/import
2021-02-25 15:53:15.361+0000 INFO [o.n.i.d.DiagnosticsManager] dbms.memory.pagecache.size=512M
2021-02-25 15:53:15.362+0000 INFO [o.n.i.d.DiagnosticsManager] unsupported.dbms.edition=community
2021-02-25 15:53:15.362+0000 INFO [o.n.i.d.DiagnosticsManager] dbms.directories.logs=/logs
2021-02-25 15:53:15.362+0000 INFO [o.n.i.d.DiagnosticsManager] dbms.connector.bolt.enabled=true
2021-02-25 15:53:15.362+0000 INFO [o.n.i.d.DiagnosticsManager] dbms.connector.https.enabled=true
2021-02-25 15:53:15.362+0000 INFO [o.n.i.d.DiagnosticsManager] dbms.jvm.additional=-XX:+UseG1GC
2021-02-25 15:53:15.362+0000 INFO [o.n.i.d.DiagnosticsManager] wrapper.java.additional=-Dneo4j.ext.udc.source=docker
2021-02-25 15:53:15.362+0000 INFO [o.n.i.d.DiagnosticsManager] dbms.directories.plugins=/plugins
2021-02-25 15:53:15.362+0000 INFO [o.n.i.d.DiagnosticsManager] dbms.connectors.default_listen_address=0.0.0.0
2021-02-25 15:53:15.363+0000 INFO [o.n.i.d.DiagnosticsManager] dbms.tx_log.rotation.retention_policy=100M size
2021-02-25 15:53:15.363+0000 INFO [o.n.i.d.DiagnosticsManager] EDITION=community
2021-02-25 15:53:15.363+0000 INFO [o.n.i.d.DiagnosticsManager] HOME=/var/lib/neo4j
2021-02-25 15:53:15.363+0000 INFO [o.n.i.d.DiagnosticsManager] Diagnostics providers:
2021-02-25 15:53:15.363+0000 INFO [o.n.i.d.DiagnosticsManager] org.neo4j.kernel.configuration.Config
2021-02-25 15:53:15.363+0000 INFO [o.n.i.d.DiagnosticsManager] org.neo4j.internal.diagnostics.DiagnosticsManager
2021-02-25 15:53:15.363+0000 INFO [o.n.i.d.DiagnosticsManager] SYSTEM_MEMORY
2021-02-25 15:53:15.363+0000 INFO [o.n.i.d.DiagnosticsManager] JAVA_MEMORY
2021-02-25 15:53:15.363+0000 INFO [o.n.i.d.DiagnosticsManager] OPERATING_SYSTEM
2021-02-25 15:53:15.363+0000 INFO [o.n.i.d.DiagnosticsManager] JAVA_VIRTUAL_MACHINE
2021-02-25 15:53:15.363+0000 INFO [o.n.i.d.DiagnosticsManager] CLASSPATH
2021-02-25 15:53:15.363+0000 INFO [o.n.i.d.DiagnosticsManager] LIBRARY_PATH
2021-02-25 15:53:15.363+0000 INFO [o.n.i.d.DiagnosticsManager] SYSTEM_PROPERTIES
2021-02-25 15:53:15.364+0000 INFO [o.n.i.d.DiagnosticsManager] TIMEZONE_DATABASE
2021-02-25 15:53:15.364+0000 INFO [o.n.i.d.DiagnosticsManager] LINUX_SCHEDULERS
2021-02-25 15:53:15.364+0000 INFO [o.n.i.d.DiagnosticsManager] NETWORK
2021-02-25 15:53:15.364+0000 INFO [o.n.i.d.DiagnosticsManager] System memory information:
2021-02-25 15:53:15.389+0000 INFO [o.n.i.d.DiagnosticsManager] Total Physical memory: 23.49 GB
2021-02-25 15:53:15.390+0000 INFO [o.n.i.d.DiagnosticsManager] Free Physical memory: 18.05 GB
2021-02-25 15:53:15.390+0000 INFO [o.n.i.d.DiagnosticsManager] Committed virtual memory: 9.24 GB
2021-02-25 15:53:15.390+0000 INFO [o.n.i.d.DiagnosticsManager] Total swap space: 2.00 GB
2021-02-25 15:53:15.390+0000 INFO [o.n.i.d.DiagnosticsManager] Free swap space: 2.00 GB
2021-02-25 15:53:15.391+0000 INFO [o.n.i.d.DiagnosticsManager] JVM memory information:
2021-02-25 15:53:15.391+0000 INFO [o.n.i.d.DiagnosticsManager] Free  memory: 356.00 MB
2021-02-25 15:53:15.391+0000 INFO [o.n.i.d.DiagnosticsManager] Total memory: 376.00 MB
2021-02-25 15:53:15.391+0000 INFO [o.n.i.d.DiagnosticsManager] Max   memory: 5.88 GB
2021-02-25 15:53:15.392+0000 INFO [o.n.i.d.DiagnosticsManager] Garbage Collector: G1 Young Generation: [G1 Eden Space, G1 Survivor Space, G1 Old Gen]
2021-02-25 15:53:15.393+0000 INFO [o.n.i.d.DiagnosticsManager] Garbage Collector: G1 Old Generation: [G1 Eden Space, G1 Survivor Space, G1 Old Gen]
2021-02-25 15:53:15.394+0000 INFO [o.n.i.d.DiagnosticsManager] Memory Pool: Code Cache (Non-heap memory): committed=6.44 MB, used=6.38 MB, max=240.00 MB, threshold=0.00 B
2021-02-25 15:53:15.394+0000 INFO [o.n.i.d.DiagnosticsManager] Memory Pool: Metaspace (Non-heap memory): committed=21.30 MB, used=20.44 MB, max=-1.00 B, threshold=0.00 B
2021-02-25 15:53:15.394+0000 INFO [o.n.i.d.DiagnosticsManager] Memory Pool: Compressed Class Space (Non-heap memory): committed=2.63 MB, used=2.42 MB, max=1.00 GB, threshold=0.00 B
2021-02-25 15:53:15.395+0000 INFO [o.n.i.d.DiagnosticsManager] Memory Pool: G1 Eden Space (Heap memory): committed=226.00 MB, used=3.00 MB, max=-1.00 B, threshold=?
2021-02-25 15:53:15.395+0000 INFO [o.n.i.d.DiagnosticsManager] Memory Pool: G1 Survivor Space (Heap memory): committed=11.00 MB, used=11.00 MB, max=-1.00 B, threshold=?
2021-02-25 15:53:15.395+0000 INFO [o.n.i.d.DiagnosticsManager] Memory Pool: G1 Old Gen (Heap memory): committed=139.00 MB, used=5.00 MB, max=5.88 GB, threshold=0.00 B
2021-02-25 15:53:15.395+0000 INFO [o.n.i.d.DiagnosticsManager] Operating system information:
2021-02-25 15:53:15.396+0000 INFO [o.n.i.d.DiagnosticsManager] Operating System: Linux; version: 4.19.121-linuxkit; arch: amd64; cpus: 6
2021-02-25 15:53:15.396+0000 INFO [o.n.i.d.DiagnosticsManager] Max number of file descriptors: 1048576
2021-02-25 15:53:15.397+0000 INFO [o.n.i.d.DiagnosticsManager] Number of open file descriptors: 135
2021-02-25 15:53:15.398+0000 INFO [o.n.i.d.DiagnosticsManager] Process id: 8@28440729fd4d
2021-02-25 15:53:15.399+0000 INFO [o.n.i.d.DiagnosticsManager] Byte order: LITTLE_ENDIAN
2021-02-25 15:53:15.403+0000 INFO [o.n.i.d.DiagnosticsManager] Local timezone: Etc/UTC
2021-02-25 15:53:15.403+0000 INFO [o.n.i.d.DiagnosticsManager] JVM information:
2021-02-25 15:53:15.403+0000 INFO [o.n.i.d.DiagnosticsManager] VM Name: OpenJDK 64-Bit Server VM
2021-02-25 15:53:15.404+0000 INFO [o.n.i.d.DiagnosticsManager] VM Vendor: Oracle Corporation
2021-02-25 15:53:15.404+0000 INFO [o.n.i.d.DiagnosticsManager] VM Version: 25.282-b08
2021-02-25 15:53:15.404+0000 INFO [o.n.i.d.DiagnosticsManager] JIT compiler: HotSpot 64-Bit Tiered Compilers
2021-02-25 15:53:15.405+0000 INFO [o.n.i.d.DiagnosticsManager] VM Arguments: [-XX:+UseG1GC, -XX:-OmitStackTraceInFastThrow, -XX:+AlwaysPreTouch, -XX:+UnlockExperimentalVMOptions, -XX:+TrustFinalNonStaticFields, -XX:+DisableExplicitGC, -Djdk.tls.ephemeralDHKeySize=2048, -Djdk.tls.rejectClientInitiatedRenegotiation=true, -Dunsupported.dbms.udc.source=docker, -Dfile.encoding=UTF-8]
2021-02-25 15:53:15.406+0000 INFO [o.n.i.d.DiagnosticsManager] Java classpath:
2021-02-25 15:53:15.408+0000 INFO [o.n.i.d.DiagnosticsManager]  [classpath + loader.0] file:/var/lib/neo4j/lib/neo4j-fulltext-index-3.5.14.jar
2021-02-25 15:53:15.408+0000 INFO [o.n.i.d.DiagnosticsManager]  [classpath + loader.0] file:/var/lib/neo4j/lib/neo4j-configuration-3.5.14.jar
2021-02-25 15:53:15.409+0000 INFO [o.n.i.d.DiagnosticsManager]  [classpath + loader.0] file:/var/lib/neo4j/lib/neo4j-codegen-3.5.14.jar
2021-02-25 15:53:15.409+0000 INFO [o.n.i.d.DiagnosticsManager]  [classpath + loader.0] file:/var/lib/neo4j/lib/neo4j-graph-algo-3.5.14.jar
2021-02-25 15:53:15.409+0000 INFO [o.n.i.d.DiagnosticsManager]  [classpath + loader.0] file:/var/lib/neo4j/lib/jackson-core-asl-1.9.13.jar
2021-02-25 15:53:15.409+0000 INFO [o.n.i.d.DiagnosticsManager]  [classpath + loader.0] file:/var/lib/neo4j/lib/neo4j-dbms-3.5.14.jar
2021-02-25 15:53:15.409+0000 INFO [o.n.i.d.DiagnosticsManager]  [classpath + loader.0] file:/var/lib/neo4j/lib/neo4j-cypher-ir-3.5-3.5.14.jar
2021-02-25 15:53:15.409+0000 INFO [o.n.i.d.DiagnosticsManager]  [classpath + loader.0] file:/var/lib/neo4j/lib/neo4j-parser-3.5-3.5.14.jar
2021-02-25 15:53:15.414+0000 INFO [o.n.i.d.DiagnosticsManager]  [classpath + loader.0] file:/var/lib/neo4j/lib/jetty-http-9.4.17.v20190418.jar
2021-02-25 15:53:15.414+0000 INFO [o.n.i.d.DiagnosticsManager]  [loader.1] file:/usr/local/openjdk-8/lib/ext/zipfs.jar
2021-02-25 15:53:15.414+0000 INFO [o.n.i.d.DiagnosticsManager]  [classpath + loader.0] file:/var/lib/neo4j/lib/concurrentlinkedhashmap-lru-1.4.2.jar
2021-02-25 15:53:15.414+0000 INFO [o.n.i.d.DiagnosticsManager]  [classpath + loader.0] file:/var/lib/neo4j/lib/jPowerShell-1.9.jar
2021-02-25 15:53:15.414+0000 INFO [o.n.i.d.DiagnosticsManager]  [classpath + loader.0] file:/var/lib/neo4j/lib/neo4j-cypher-util-3.4-3.4.17.jar
2021-02-25 15:53:15.415+0000 INFO [o.n.i.d.DiagnosticsManager]  [classpath + loader.0] file:/var/lib/neo4j/lib/neo4j-annotation-processors-3.5.14.jar
2021-02-25 15:53:15.415+0000 INFO [o.n.i.d.DiagnosticsManager]  [classpath + loader.0] file:/var/lib/neo4j/lib/neo4j-io-3.5.14.jar
2021-02-25 15:53:15.415+0000 INFO [o.n.i.d.DiagnosticsManager]  [classpath + loader.0] file:/var/lib/neo4j/lib/neo4j-cypher-logical-plans-3.5-3.5.14.jar
2021-02-25 15:53:15.416+0000 INFO [o.n.i.d.DiagnosticsManager]  [loader.1] file:/usr/local/openjdk-8/lib/ext/sunec.jar
2021-02-25 15:53:15.416+0000 INFO [o.n.i.d.DiagnosticsManager]  [classpath + loader.0] file:/plugins/*
2021-02-25 15:53:15.416+0000 INFO [o.n.i.d.DiagnosticsManager]  [classpath + loader.0] file:/var/lib/neo4j/lib/jakarta.activation-api-1.2.1.jar
2021-02-25 15:53:15.416+0000 INFO [o.n.i.d.DiagnosticsManager]  [loader.1] file:/usr/local/openjdk-8/lib/ext/sunjce_provider.jar
2021-02-25 15:53:15.416+0000 INFO [o.n.i.d.DiagnosticsManager]  [classpath + loader.0] file:/var/lib/neo4j/lib/jetty-io-9.4.17.v20190418.jar
2021-02-25 15:53:15.416+0000 INFO [o.n.i.d.DiagnosticsManager]  [classpath + loader.0] file:/var/lib/neo4j/lib/jersey-server-1.19.3.jar
2021-02-25 15:53:15.416+0000 INFO [o.n.i.d.DiagnosticsManager]  [classpath + loader.0] file:/var/lib/neo4j/lib/neo4j-rewriting-3.5-3.5.14.jar
2021-02-25 15:53:15.416+0000 INFO [o.n.i.d.DiagnosticsManager]  [classpath + loader.0] file:/var/lib/neo4j/lib/neo4j-consistency-check-3.5.14.jar
2021-02-25 15:53:15.417+0000 INFO [o.n.i.d.DiagnosticsManager]  [classpath + loader.0] file:/var/lib/neo4j/lib/neo4j-procedure-api-3.5.14.jar
2021-02-25 15:53:15.417+0000 INFO [o.n.i.d.DiagnosticsManager]  [classpath + loader.0] file:/var/lib/neo4j/lib/neo4j-csv-3.5.14.jar
2021-02-25 15:53:15.417+0000 INFO [o.n.i.d.DiagnosticsManager]  [classpath + loader.0] file:/var/lib/neo4j/lib/server-api-3.5.14.jar
2021-02-25 15:53:15.417+0000 INFO [o.n.i.d.DiagnosticsManager]  [classpath + loader.0] file:/var/lib/neo4j/lib/commons-io-2.6.jar
2021-02-25 15:53:15.417+0000 INFO [o.n.i.d.DiagnosticsManager]  [classpath + loader.0] file:/var/lib/neo4j/lib/neo4j-cypher-planner-3.4-3.4.17.jar
2021-02-25 15:53:15.417+0000 INFO [o.n.i.d.DiagnosticsManager]  [loader.1] file:/usr/local/openjdk-8/lib/ext/dnsns.jar
2021-02-25 15:53:15.417+0000 INFO [o.n.i.d.DiagnosticsManager]  [classpath + loader.0] file:/var/lib/neo4j/lib/jersey-core-1.19.3.jar
2021-02-25 15:53:15.417+0000 INFO [o.n.i.d.DiagnosticsManager]  [classpath + loader.0] file:/var/lib/neo4j/lib/jetty-webapp-9.4.17.v20190418.jar
2021-02-25 15:53:15.417+0000 INFO [o.n.i.d.DiagnosticsManager]  [classpath + loader.0] file:/var/lib/neo4j/lib/jetty-xml-9.4.17.v20190418.jar
2021-02-25 15:53:15.417+0000 INFO [o.n.i.d.DiagnosticsManager]  [classpath + loader.0] file:/var/lib/neo4j/lib/commons-configuration-1.10.jar
2021-02-25 15:53:15.417+0000 INFO [o.n.i.d.DiagnosticsManager]  [classpath + loader.0] file:/var/lib/neo4j/lib/neo4j-cypher-planner-spi-3.4-3.4.17.jar
2021-02-25 15:53:15.417+0000 INFO [o.n.i.d.DiagnosticsManager]  [loader.1] file:/usr/local/openjdk-8/lib/ext/cldrdata.jar
2021-02-25 15:53:15.418+0000 INFO [o.n.i.d.DiagnosticsManager]  [bootstrap] /usr/local/openjdk-8/lib/charsets.jar
2021-02-25 15:53:15.418+0000 INFO [o.n.i.d.DiagnosticsManager]  [classpath + loader.0] file:/var/lib/neo4j/lib/neo4j-push-to-cloud-3.5.14.jar
2021-02-25 15:53:15.418+0000 INFO [o.n.i.d.DiagnosticsManager]  [classpath + loader.0] file:/var/lib/neo4j/lib/neo4j-collections-3.5.14.jar
2021-02-25 15:53:15.418+0000 INFO [o.n.i.d.DiagnosticsManager]  [classpath + loader.0] file:/var/lib/neo4j/lib/jersey-servlet-1.19.3.jar
2021-02-25 15:53:15.418+0000 INFO [o.n.i.d.DiagnosticsManager]  [classpath + loader.0] file:/var/lib/neo4j/lib/neo4j-data-collector-3.5.14.jar
2021-02-25 15:53:15.418+0000 INFO [o.n.i.d.DiagnosticsManager]  [classpath + loader.0] file:/var/lib/neo4j/lib/txw2-2.3.2.jar
2021-02-25 15:53:15.418+0000 INFO [o.n.i.d.DiagnosticsManager]  [bootstrap] /usr/local/openjdk-8/lib/resources.jar
2021-02-25 15:53:15.418+0000 INFO [o.n.i.d.DiagnosticsManager]  [classpath + loader.0] file:/var/lib/neo4j/lib/neo4j-server-3.5.14.jar
2021-02-25 15:53:15.418+0000 INFO [o.n.i.d.DiagnosticsManager]  [classpath + loader.0] file:/var/lib/neo4j/lib/scala-library-2.11.12.jar
2021-02-25 15:53:15.418+0000 INFO [o.n.i.d.DiagnosticsManager]  [bootstrap] /usr/local/openjdk-8/lib/jsse.jar
2021-02-25 15:53:15.418+0000 INFO [o.n.i.d.DiagnosticsManager]  [classpath + loader.0] file:/var/lib/neo4j/lib/neo4j-unsafe-3.5.14.jar
2021-02-25 15:53:15.418+0000 INFO [o.n.i.d.DiagnosticsManager]  [loader.1] file:/usr/local/openjdk-8/lib/ext/localedata.jar
2021-02-25 15:53:15.418+0000 INFO [o.n.i.d.DiagnosticsManager]  [classpath + loader.0] file:/var/lib/neo4j/lib/jetty-server-9.4.17.v20190418.jar
2021-02-25 15:53:15.418+0000 INFO [o.n.i.d.DiagnosticsManager]  [classpath + loader.0] file:/var/lib/neo4j/lib/neo4j-udc-3.5.14.jar
2021-02-25 15:53:15.418+0000 INFO [o.n.i.d.DiagnosticsManager]  [classpath + loader.0] file:/var/lib/neo4j/lib/neo4j-command-line-3.5.14.jar
2021-02-25 15:53:15.418+0000 INFO [o.n.i.d.DiagnosticsManager]  [classpath + loader.0] file:/var/lib/neo4j/lib/neo4j-legacy-3.5.14.jar
2021-02-25 15:53:15.418+0000 INFO [o.n.i.d.DiagnosticsManager]  [classpath + loader.0] file:/var/lib/neo4j/lib/neo4j-concurrent-3.5.14.jar
2021-02-25 15:53:15.418+0000 INFO [o.n.i.d.DiagnosticsManager]  [classpath + loader.0] file:/var/lib/neo4j/lib/javax.servlet-api-3.1.0.jar
2021-02-25 15:53:15.418+0000 INFO [o.n.i.d.DiagnosticsManager]  [bootstrap] /usr/local/openjdk-8/lib/sunrsasign.jar
2021-02-25 15:53:15.419+0000 INFO [o.n.i.d.DiagnosticsManager]  [classpath + loader.0] file:/var/lib/neo4j/lib/jProcesses-1.6.4.jar
2021-02-25 15:53:15.419+0000 INFO [o.n.i.d.DiagnosticsManager]  [classpath + loader.0] file:/var/lib/neo4j/lib/neo4j-cypher-compiler-2.3-2.3.12.jar
2021-02-25 15:53:15.419+0000 INFO [o.n.i.d.DiagnosticsManager]  [classpath + loader.0] file:/var/lib/neo4j/lib/istack-commons-runtime-3.0.8.jar
2021-02-25 15:53:15.419+0000 INFO [o.n.i.d.DiagnosticsManager]  [classpath + loader.0] file:/var/lib/neo4j/lib/neo4j-diagnostics-3.5.14.jar
2021-02-25 15:53:15.419+0000 INFO [o.n.i.d.DiagnosticsManager]  [loader.1] file:/usr/local/openjdk-8/lib/ext/sunpkcs11.jar
2021-02-25 15:53:15.419+0000 INFO [o.n.i.d.DiagnosticsManager]  [classpath + loader.0] file:/var/lib/neo4j/lib/neo4j-ssl-3.5.14.jar
2021-02-25 15:53:15.419+0000 INFO [o.n.i.d.DiagnosticsManager]  [classpath + loader.0] file:/var/lib/neo4j/lib/scala-reflect-2.11.12.jar
2021-02-25 15:53:15.419+0000 INFO [o.n.i.d.DiagnosticsManager]  [classpath + loader.0] file:/var/lib/neo4j/lib/neo4j-values-3.5.14.jar
2021-02-25 15:53:15.419+0000 INFO [o.n.i.d.DiagnosticsManager]  [classpath + loader.0] file:/var/lib/neo4j/lib/neo4j-graphdb-api-3.5.14.jar
2021-02-25 15:53:15.420+0000 INFO [o.n.i.d.DiagnosticsManager]  [classpath + loader.0] file:/var/lib/neo4j/lib/commons-lang-2.6.jar
2021-02-25 15:53:15.420+0000 INFO [o.n.i.d.DiagnosticsManager]  [classpath + loader.0] file:/var/lib/neo4j/lib/lucene-core-5.5.5.jar
2021-02-25 15:53:15.420+0000 INFO [o.n.i.d.DiagnosticsManager]  [classpath + loader.0] file:/var/lib/neo4j/lib/netty-all-4.1.43.Final.jar
2021-02-25 15:53:15.420+0000 INFO [o.n.i.d.DiagnosticsManager]  [classpath + loader.0] file:/var/lib/neo4j/lib/lucene-codecs-5.5.5.jar
2021-02-25 15:53:15.420+0000 INFO [o.n.i.d.DiagnosticsManager]  [bootstrap] /usr/local/openjdk-8/lib/rt.jar
2021-02-25 15:53:15.421+0000 INFO [o.n.i.d.DiagnosticsManager]  [classpath + loader.0] file:/var/lib/neo4j/lib/activation-1.1.1.jar
2021-02-25 15:53:15.421+0000 INFO [o.n.i.d.DiagnosticsManager]  [classpath + loader.0] file:/var/lib/neo4j/lib/neo4j-cypher-planner-3.5-3.5.14.jar
2021-02-25 15:53:15.421+0000 INFO [o.n.i.d.DiagnosticsManager]  [classpath + loader.0] file:/var/lib/neo4j/lib/stax-ex-1.8.1.jar
2021-02-25 15:53:15.421+0000 INFO [o.n.i.d.DiagnosticsManager]  [classpath + loader.0] file:/var/lib/neo4j/lib/neo4j-cypher-compiler-3.1-3.1.9.jar
2021-02-25 15:53:15.421+0000 INFO [o.n.i.d.DiagnosticsManager]  [classpath + loader.0] file:/var/lib/neo4j/lib/eclipse-collections-9.2.0.jar
2021-02-25 15:53:15.421+0000 INFO [o.n.i.d.DiagnosticsManager]  [classpath + loader.0] file:/var/lib/neo4j/lib/commons-compress-1.19.jar
2021-02-25 15:53:15.421+0000 INFO [o.n.i.d.DiagnosticsManager]  [classpath + loader.0] file:/var/lib/neo4j/lib/neo4j-cypher-expression-3.4-3.4.17.jar
2021-02-25 15:53:15.421+0000 INFO [o.n.i.d.DiagnosticsManager]  [classpath + loader.0] file:/var/lib/neo4j/lib/neo4j-browser-3.2.26.jar
2021-02-25 15:53:15.421+0000 INFO [o.n.i.d.DiagnosticsManager]  [classpath + loader.0] file:/var/lib/neo4j/lib/commons-lang3-3.8.jar
2021-02-25 15:53:15.421+0000 INFO [o.n.i.d.DiagnosticsManager]  [classpath + loader.0] file:/var/lib/neo4j/lib/neo4j-ast-3.5-3.5.14.jar
2021-02-25 15:53:15.421+0000 INFO [o.n.i.d.DiagnosticsManager]  [classpath + loader.0] file:/var/lib/neo4j/lib/neo4j-index-3.5.14.jar
2021-02-25 15:53:15.421+0000 INFO [o.n.i.d.DiagnosticsManager]  [classpath + loader.0] file:/var/lib/neo4j/lib/neo4j-cypher-planner-spi-3.5-3.5.14.jar
2021-02-25 15:53:15.421+0000 INFO [o.n.i.d.DiagnosticsManager]  [classpath + loader.0] file:/var/lib/neo4j/conf/
2021-02-25 15:53:15.421+0000 INFO [o.n.i.d.DiagnosticsManager]  [classpath + loader.0] file:/var/lib/neo4j/lib/neo4j-cypher-3.5.14.jar
2021-02-25 15:53:15.421+0000 INFO [o.n.i.d.DiagnosticsManager]  [classpath + loader.0] file:/var/lib/neo4j/lib/jetty-util-9.4.17.v20190418.jar
2021-02-25 15:53:15.421+0000 INFO [o.n.i.d.DiagnosticsManager]  [classpath + loader.0] file:/var/lib/neo4j/lib/jaxb-runtime-2.3.2.jar
2021-02-25 15:53:15.421+0000 INFO [o.n.i.d.DiagnosticsManager]  [classpath + loader.0] file:/var/lib/neo4j/lib/jaxb-api-2.3.0.jar
2021-02-25 15:53:15.421+0000 INFO [o.n.i.d.DiagnosticsManager]  [classpath + loader.0] file:/var/lib/neo4j/lib/neo4j-kernel-3.5.14.jar
2021-02-25 15:53:15.422+0000 INFO [o.n.i.d.DiagnosticsManager]  [classpath + loader.0] file:/var/lib/neo4j/lib/neo4j-lucene-index-3.5.14.jar
2021-02-25 15:53:15.422+0000 INFO [o.n.i.d.DiagnosticsManager]  [classpath + loader.0] file:/var/lib/neo4j/lib/neo4j-cypher-interpreted-runtime-3.5.14.jar
2021-02-25 15:53:15.422+0000 INFO [o.n.i.d.DiagnosticsManager]  [classpath + loader.0] file:/var/lib/neo4j/lib/opencsv-2.3.jar
2021-02-25 15:53:15.422+0000 INFO [o.n.i.d.DiagnosticsManager]  [classpath + loader.0] file:/var/lib/neo4j/lib/neo4j-bolt-3.5.14.jar
2021-02-25 15:53:15.422+0000 INFO [o.n.i.d.DiagnosticsManager]  [classpath + loader.0] file:/var/lib/neo4j/lib/parboiled-scala_2.11-1.1.7.jar
2021-02-25 15:53:15.422+0000 INFO [o.n.i.d.DiagnosticsManager]  [classpath + loader.0] file:/var/lib/neo4j/lib/neo4j-jmx-3.5.14.jar
2021-02-25 15:53:15.422+0000 INFO [o.n.i.d.DiagnosticsManager]  [bootstrap] /usr/local/openjdk-8/classes
2021-02-25 15:53:15.422+0000 INFO [o.n.i.d.DiagnosticsManager]  [classpath + loader.0] file:/var/lib/neo4j/lib/neo4j-cypher-runtime-util-3.5.14.jar
2021-02-25 15:53:15.422+0000 INFO [o.n.i.d.DiagnosticsManager]  [classpath + loader.0] file:/var/lib/neo4j/lib/jetty-servlet-9.4.17.v20190418.jar
2021-02-25 15:53:15.422+0000 INFO [o.n.i.d.DiagnosticsManager]  [classpath + loader.0] file:/var/lib/neo4j/lib/openCypher-frontend-1-3.4.17.jar
2021-02-25 15:53:15.422+0000 INFO [o.n.i.d.DiagnosticsManager]  [classpath + loader.0] file:/var/lib/neo4j/lib/neo4j-security-3.5.14.jar
2021-02-25 15:53:15.422+0000 INFO [o.n.i.d.DiagnosticsManager]  [classpath + loader.0] file:/var/lib/neo4j/lib/neo4j-cypher-logical-plans-3.4-3.4.17.jar
2021-02-25 15:53:15.422+0000 INFO [o.n.i.d.DiagnosticsManager]  [classpath + loader.0] file:/var/lib/neo4j/lib/neo4j-import-tool-3.5.14.jar
2021-02-25 15:53:15.422+0000 INFO [o.n.i.d.DiagnosticsManager]  [classpath + loader.0] file:/var/lib/neo4j/lib/eclipse-collections-api-9.2.0.jar
2021-02-25 15:53:15.422+0000 INFO [o.n.i.d.DiagnosticsManager]  [classpath + loader.0] file:/var/lib/neo4j/lib/jackson-mapper-asl-1.9.13.jar
2021-02-25 15:53:15.422+0000 INFO [o.n.i.d.DiagnosticsManager]  [classpath + loader.0] file:/var/lib/neo4j/lib/FastInfoset-1.2.16.jar
2021-02-25 15:53:15.422+0000 INFO [o.n.i.d.DiagnosticsManager]  [bootstrap] /usr/local/openjdk-8/lib/jfr.jar
2021-02-25 15:53:15.422+0000 INFO [o.n.i.d.DiagnosticsManager]  [classpath + loader.0] file:/var/lib/neo4j/lib/neo4j-kernel-api-3.5.14.jar
2021-02-25 15:53:15.422+0000 INFO [o.n.i.d.DiagnosticsManager]  [classpath + loader.0] file:/var/lib/neo4j/lib/caffeine-2.6.2.jar
2021-02-25 15:53:15.422+0000 INFO [o.n.i.d.DiagnosticsManager]  [classpath + loader.0] file:/var/lib/neo4j/lib/neo4j-3.5.14.jar
2021-02-25 15:53:15.422+0000 INFO [o.n.i.d.DiagnosticsManager]  [classpath + loader.0] file:/var/lib/neo4j/lib/lucene-queryparser-5.5.5.jar
2021-02-25 15:53:15.422+0000 INFO [o.n.i.d.DiagnosticsManager]  [classpath + loader.0] file:/var/lib/neo4j/lib/bcprov-jdk15on-1.60.jar
2021-02-25 15:53:15.422+0000 INFO [o.n.i.d.DiagnosticsManager]  [classpath + loader.0] file:/var/lib/neo4j/lib/jackson-jaxrs-1.9.13.jar
2021-02-25 15:53:15.422+0000 INFO [o.n.i.d.DiagnosticsManager]  [loader.1] file:/usr/local/openjdk-8/lib/ext/nashorn.jar
2021-02-25 15:53:15.422+0000 INFO [o.n.i.d.DiagnosticsManager]  [classpath + loader.0] file:/var/lib/neo4j/lib/neo4j-lucene-upgrade-3.5.14.jar
2021-02-25 15:53:15.422+0000 INFO [o.n.i.d.DiagnosticsManager]  [bootstrap] /usr/local/openjdk-8/lib/jce.jar
2021-02-25 15:53:15.422+0000 INFO [o.n.i.d.DiagnosticsManager]  [classpath + loader.0] file:/var/lib/neo4j/lib/neo4j-cypher-frontend-3.1-3.1.9.jar
2021-02-25 15:53:15.422+0000 INFO [o.n.i.d.DiagnosticsManager]  [classpath + loader.0] file:/var/lib/neo4j/lib/WMI4Java-1.6.1.jar
2021-02-25 15:53:15.422+0000 INFO [o.n.i.d.DiagnosticsManager]  [classpath + loader.0] file:/var/lib/neo4j/lib/neo4j-logging-3.5.14.jar
2021-02-25 15:53:15.422+0000 INFO [o.n.i.d.DiagnosticsManager]  [classpath + loader.0] file:/var/lib/neo4j/lib/zstd-proxy-3.5.14.jar
2021-02-25 15:53:15.422+0000 INFO [o.n.i.d.DiagnosticsManager]  [classpath + loader.0] file:/var/lib/neo4j/lib/jsr311-api-1.1.2.r612.jar
2021-02-25 15:53:15.423+0000 INFO [o.n.i.d.DiagnosticsManager]  [classpath + loader.0] file:/var/lib/neo4j/lib/neo4j-front-end-3.5-3.5.14.jar
2021-02-25 15:53:15.423+0000 INFO [o.n.i.d.DiagnosticsManager]  [classpath + loader.0] file:/var/lib/neo4j/lib/neo4j-cypher-frontend-2.3-2.3.12.jar
2021-02-25 15:53:15.423+0000 INFO [o.n.i.d.DiagnosticsManager]  [classpath + loader.0] file:/plugins/
2021-02-25 15:53:15.423+0000 INFO [o.n.i.d.DiagnosticsManager]  [classpath + loader.0] file:/var/lib/neo4j/lib/lucene-analyzers-common-5.5.5.jar
2021-02-25 15:53:15.423+0000 INFO [o.n.i.d.DiagnosticsManager]  [classpath + loader.0] file:/var/lib/neo4j/lib/neo4j-resource-3.5.14.jar
2021-02-25 15:53:15.423+0000 INFO [o.n.i.d.DiagnosticsManager]  [classpath + loader.0] file:/var/lib/neo4j/lib/neo4j-cypher-ir-3.4-3.4.17.jar
2021-02-25 15:53:15.423+0000 INFO [o.n.i.d.DiagnosticsManager]  [classpath + loader.0] file:/var/lib/neo4j/lib/bcpkix-jdk15on-1.60.jar
2021-02-25 15:53:15.423+0000 INFO [o.n.i.d.DiagnosticsManager]  [classpath + loader.0] file:/var/lib/neo4j/lib/zstd-jni-1.3.8-6.jar
2021-02-25 15:53:15.423+0000 INFO [o.n.i.d.DiagnosticsManager]  [classpath + loader.0] file:/var/lib/neo4j/lib/neo4j-cypher-expression-evaluator-3.5.14.jar
2021-02-25 15:53:15.423+0000 INFO [o.n.i.d.DiagnosticsManager]  [classpath + loader.0] file:/var/lib/neo4j/lib/jakarta.xml.bind-api-2.3.2.jar
2021-02-25 15:53:15.423+0000 INFO [o.n.i.d.DiagnosticsManager]  [classpath + loader.0] file:/var/lib/neo4j/lib/commons-logging-1.1.1.jar
2021-02-25 15:53:15.424+0000 INFO [o.n.i.d.DiagnosticsManager]  [classpath + loader.0] file:/var/lib/neo4j/lib/neo4j-spatial-index-3.5.14.jar
2021-02-25 15:53:15.424+0000 INFO [o.n.i.d.DiagnosticsManager]  [classpath + loader.0] file:/var/lib/neo4j/lib/commons-text-1.4.jar
2021-02-25 15:53:15.424+0000 INFO [o.n.i.d.DiagnosticsManager]  [loader.1] file:/usr/local/openjdk-8/lib/ext/jaccess.jar
2021-02-25 15:53:15.424+0000 INFO [o.n.i.d.DiagnosticsManager]  [classpath + loader.0] file:/var/lib/neo4j/lib/neo4j-graph-matching-3.1.9.jar
2021-02-25 15:53:15.424+0000 INFO [o.n.i.d.DiagnosticsManager]  [classpath + loader.0] file:/var/lib/neo4j/lib/parboiled-core-1.1.7.jar
2021-02-25 15:53:15.424+0000 INFO [o.n.i.d.DiagnosticsManager]  [classpath + loader.0] file:/var/lib/neo4j/lib/neo4j-expressions-3.5-3.5.14.jar
2021-02-25 15:53:15.424+0000 INFO [o.n.i.d.DiagnosticsManager]  [classpath + loader.0] file:/var/lib/neo4j/lib/jetty-security-9.4.17.v20190418.jar
2021-02-25 15:53:15.424+0000 INFO [o.n.i.d.DiagnosticsManager]  [classpath + loader.0] file:/var/lib/neo4j/lib/neo4j-common-3.5.14.jar
2021-02-25 15:53:15.425+0000 INFO [o.n.i.d.DiagnosticsManager]  [classpath + loader.0] file:/var/lib/neo4j/lib/neo4j-util-3.5-3.5.14.jar
2021-02-25 15:53:15.425+0000 INFO [o.n.i.d.DiagnosticsManager] Library path:
2021-02-25 15:53:15.425+0000 INFO [o.n.i.d.DiagnosticsManager] /usr/java/packages/lib/amd64
2021-02-25 15:53:15.425+0000 INFO [o.n.i.d.DiagnosticsManager] /usr/lib64
2021-02-25 15:53:15.425+0000 INFO [o.n.i.d.DiagnosticsManager] /lib64
2021-02-25 15:53:15.425+0000 INFO [o.n.i.d.DiagnosticsManager] /lib
2021-02-25 15:53:15.426+0000 INFO [o.n.i.d.DiagnosticsManager] /usr/lib
2021-02-25 15:53:15.426+0000 INFO [o.n.i.d.DiagnosticsManager] System.properties:
2021-02-25 15:53:15.426+0000 INFO [o.n.i.d.DiagnosticsManager] sun.boot.library.path = /usr/local/openjdk-8/lib/amd64
2021-02-25 15:53:15.426+0000 INFO [o.n.i.d.DiagnosticsManager] jdk.tls.rejectClientInitiatedRenegotiation = true
2021-02-25 15:53:15.427+0000 INFO [o.n.i.d.DiagnosticsManager] path.separator = :
2021-02-25 15:53:15.427+0000 INFO [o.n.i.d.DiagnosticsManager] file.encoding.pkg = sun.io
2021-02-25 15:53:15.427+0000 INFO [o.n.i.d.DiagnosticsManager] sun.java.launcher = SUN_STANDARD
2021-02-25 15:53:15.427+0000 INFO [o.n.i.d.DiagnosticsManager] sun.os.patch.level = unknown
2021-02-25 15:53:15.427+0000 INFO [o.n.i.d.DiagnosticsManager] user.dir = /var/lib/neo4j
2021-02-25 15:53:15.427+0000 INFO [o.n.i.d.DiagnosticsManager] sun.jnu.encoding = UTF-8
2021-02-25 15:53:15.427+0000 INFO [o.n.i.d.DiagnosticsManager] unsupported.dbms.udc.source = docker
2021-02-25 15:53:15.427+0000 INFO [o.n.i.d.DiagnosticsManager] sun.management.compiler = HotSpot 64-Bit Tiered Compilers
2021-02-25 15:53:15.427+0000 INFO [o.n.i.d.DiagnosticsManager] user.home = /var/lib/neo4j
2021-02-25 15:53:15.427+0000 INFO [o.n.i.d.DiagnosticsManager] user.timezone = Etc/UTC
2021-02-25 15:53:15.427+0000 INFO [o.n.i.d.DiagnosticsManager] file.encoding = UTF-8
2021-02-25 15:53:15.428+0000 INFO [o.n.i.d.DiagnosticsManager] user.name = neo4j
2021-02-25 15:53:15.428+0000 INFO [o.n.i.d.DiagnosticsManager] sun.java.command = org.neo4j.server.CommunityEntryPoint --home-dir=/var/lib/neo4j --config-dir=/var/lib/neo4j/conf
2021-02-25 15:53:15.428+0000 INFO [o.n.i.d.DiagnosticsManager] sun.arch.data.model = 64
2021-02-25 15:53:15.428+0000 INFO [o.n.i.d.DiagnosticsManager] user.language = en
2021-02-25 15:53:15.428+0000 INFO [o.n.i.d.DiagnosticsManager] awt.toolkit = sun.awt.X11.XToolkit
2021-02-25 15:53:15.428+0000 INFO [o.n.i.d.DiagnosticsManager] jdk.tls.ephemeralDHKeySize = 2048
2021-02-25 15:53:15.428+0000 INFO [o.n.i.d.DiagnosticsManager] file.separator = /
2021-02-25 15:53:15.428+0000 INFO [o.n.i.d.DiagnosticsManager] sun.io.unicode.encoding = UnicodeLittle
2021-02-25 15:53:15.428+0000 INFO [o.n.i.d.DiagnosticsManager] sun.cpu.endian = little
2021-02-25 15:53:15.428+0000 INFO [o.n.i.d.DiagnosticsManager] sun.cpu.isalist = 
2021-02-25 15:53:15.428+0000 INFO [o.n.i.d.DiagnosticsManager] (IANA) TimeZone Database Version:
2021-02-25 15:53:15.474+0000 INFO [o.n.i.d.DiagnosticsManager]   TimeZone version: 2020d (available for 600 zone identifiers)
2021-02-25 15:53:15.474+0000 INFO [o.n.i.d.DiagnosticsManager] Linux scheduler information:
2021-02-25 15:53:15.481+0000 INFO [o.n.i.d.DiagnosticsManager] [mq-deadline] kyber none
2021-02-25 15:53:15.482+0000 INFO [o.n.i.d.DiagnosticsManager] none
2021-02-25 15:53:15.482+0000 INFO [o.n.i.d.DiagnosticsManager] [mq-deadline] kyber none
2021-02-25 15:53:15.483+0000 INFO [o.n.i.d.DiagnosticsManager] [mq-deadline] kyber none
2021-02-25 15:53:15.485+0000 INFO [o.n.i.d.DiagnosticsManager] none
2021-02-25 15:53:15.486+0000 INFO [o.n.i.d.DiagnosticsManager] [mq-deadline] kyber none
2021-02-25 15:53:15.486+0000 INFO [o.n.i.d.DiagnosticsManager] [mq-deadline] kyber none
2021-02-25 15:53:15.487+0000 INFO [o.n.i.d.DiagnosticsManager] none
2021-02-25 15:53:15.488+0000 INFO [o.n.i.d.DiagnosticsManager] [mq-deadline] kyber none
2021-02-25 15:53:15.489+0000 INFO [o.n.i.d.DiagnosticsManager] [mq-deadline] kyber none
2021-02-25 15:53:15.489+0000 INFO [o.n.i.d.DiagnosticsManager] none
2021-02-25 15:53:15.490+0000 INFO [o.n.i.d.DiagnosticsManager] none
2021-02-25 15:53:15.490+0000 INFO [o.n.i.d.DiagnosticsManager] [mq-deadline] kyber none
2021-02-25 15:53:15.490+0000 INFO [o.n.i.d.DiagnosticsManager] [mq-deadline] kyber none
2021-02-25 15:53:15.491+0000 INFO [o.n.i.d.DiagnosticsManager] none
2021-02-25 15:53:15.491+0000 INFO [o.n.i.d.DiagnosticsManager] none
2021-02-25 15:53:15.492+0000 INFO [o.n.i.d.DiagnosticsManager] [mq-deadline] kyber none
2021-02-25 15:53:15.492+0000 INFO [o.n.i.d.DiagnosticsManager] [mq-deadline] kyber none
2021-02-25 15:53:15.492+0000 INFO [o.n.i.d.DiagnosticsManager] none
2021-02-25 15:53:15.493+0000 INFO [o.n.i.d.DiagnosticsManager] none
2021-02-25 15:53:15.493+0000 INFO [o.n.i.d.DiagnosticsManager] [mq-deadline] kyber none
2021-02-25 15:53:15.494+0000 INFO [o.n.i.d.DiagnosticsManager] [mq-deadline] kyber none
2021-02-25 15:53:15.494+0000 INFO [o.n.i.d.DiagnosticsManager] none
2021-02-25 15:53:15.494+0000 INFO [o.n.i.d.DiagnosticsManager] [mq-deadline] kyber none
2021-02-25 15:53:15.495+0000 INFO [o.n.i.d.DiagnosticsManager] [mq-deadline] kyber none
2021-02-25 15:53:15.495+0000 INFO [o.n.i.d.DiagnosticsManager] [mq-deadline] kyber none
2021-02-25 15:53:15.495+0000 INFO [o.n.i.d.DiagnosticsManager] [mq-deadline] kyber none
2021-02-25 15:53:15.495+0000 INFO [o.n.i.d.DiagnosticsManager] [mq-deadline] kyber none
2021-02-25 15:53:15.495+0000 INFO [o.n.i.d.DiagnosticsManager] none
2021-02-25 15:53:15.496+0000 INFO [o.n.i.d.DiagnosticsManager] none
2021-02-25 15:53:15.496+0000 INFO [o.n.i.d.DiagnosticsManager] [mq-deadline] kyber none
2021-02-25 15:53:15.496+0000 INFO [o.n.i.d.DiagnosticsManager] [mq-deadline] kyber none
2021-02-25 15:53:15.496+0000 INFO [o.n.i.d.DiagnosticsManager] [mq-deadline] kyber none
2021-02-25 15:53:15.496+0000 INFO [o.n.i.d.DiagnosticsManager] none
2021-02-25 15:53:15.497+0000 INFO [o.n.i.d.DiagnosticsManager] [mq-deadline] kyber none
2021-02-25 15:53:15.497+0000 INFO [o.n.i.d.DiagnosticsManager] none
2021-02-25 15:53:15.497+0000 INFO [o.n.i.d.DiagnosticsManager] [mq-deadline] kyber none
2021-02-25 15:53:15.497+0000 INFO [o.n.i.d.DiagnosticsManager] [mq-deadline] kyber none
2021-02-25 15:53:15.498+0000 INFO [o.n.i.d.DiagnosticsManager] none
2021-02-25 15:53:15.498+0000 INFO [o.n.i.d.DiagnosticsManager] none
2021-02-25 15:53:15.498+0000 INFO [o.n.i.d.DiagnosticsManager] [mq-deadline] kyber none
2021-02-25 15:53:15.498+0000 INFO [o.n.i.d.DiagnosticsManager] Network information:
2021-02-25 15:53:15.499+0000 INFO [o.n.i.d.DiagnosticsManager] Interface eth0:
2021-02-25 15:53:15.499+0000 INFO [o.n.i.d.DiagnosticsManager]     address: 172.18.0.10
2021-02-25 15:53:15.499+0000 INFO [o.n.i.d.DiagnosticsManager] Interface lo:
2021-02-25 15:53:15.499+0000 INFO [o.n.i.d.DiagnosticsManager]     address: 127.0.0.1
2021-02-25 15:53:15.499+0000 INFO [o.n.i.d.DiagnosticsManager] --- INITIALIZED diagnostics END ---
2021-02-25 15:53:16.304+0000 INFO [o.n.k.i.s.f.RecordFormatSelector] Selected format 'RecordFormat:StandardV3_4[v0.A.9]' for the new store
2021-02-25 15:53:19.898+0000 INFO [o.n.k.i.i.l.NativeLabelScanStore] No label index found, this might just be first use. Preparing to rebuild.
2021-02-25 15:53:20.153+0000 INFO [o.n.k.NeoStoreDataSource] Rotated to transaction log [/var/lib/neo4j/data/databases/graph.db/neostore.transaction.db.0] version=0, last transaction in previous log=1
2021-02-25 15:53:20.163+0000 INFO [o.n.k.NeoStoreDataSource] No commits found after last check point (which is at <no log position given>)
2021-02-25 15:53:20.213+0000 WARN [o.n.k.i.s.MetaDataStore] Missing counts store, rebuilding it.
2021-02-25 15:53:20.255+0000 WARN [o.n.k.i.s.MetaDataStore] Counts store rebuild completed.
2021-02-25 15:53:20.362+0000 INFO [o.n.k.i.i.l.NativeLabelScanStore] Rebuilding label index, this may take a while
2021-02-25 15:53:20.436+0000 INFO [o.n.k.i.i.l.NativeLabelScanStore] Label index rebuilt (roughly 0 nodes)
2021-02-25 15:53:20.457+0000 INFO [o.n.i.d.DiagnosticsManager] --- STARTED diagnostics for KernelDiagnostics:Versions START ---
2021-02-25 15:53:20.464+0000 INFO [o.n.i.d.DiagnosticsManager] Graph Database: community single StoreId{creationTime=1614268397636, randomId=-7973394192733346290, storeVersion=16094931155187206, upgradeTime=1614268397636, upgradeId=1}
2021-02-25 15:53:20.466+0000 INFO [o.n.i.d.DiagnosticsManager] Kernel version: 3.5.14,932d555a90a30c92acddd30a504e6ae1932a92ae
2021-02-25 15:53:20.468+0000 INFO [o.n.i.d.DiagnosticsManager] --- STARTED diagnostics for KernelDiagnostics:Versions END ---
2021-02-25 15:53:20.491+0000 INFO [o.n.i.d.DiagnosticsManager] --- STARTED diagnostics for NEO_STORE_VERSIONS START ---
2021-02-25 15:53:20.495+0000 INFO [o.n.i.d.DiagnosticsManager] Store versions:
2021-02-25 15:53:20.499+0000 INFO [o.n.i.d.DiagnosticsManager]   ArrayPropertyStore v0.A.9
2021-02-25 15:53:20.501+0000 INFO [o.n.i.d.DiagnosticsManager]   NodeStore v0.A.9
2021-02-25 15:53:20.502+0000 INFO [o.n.i.d.DiagnosticsManager]   StringPropertyStore v0.A.9
2021-02-25 15:53:20.504+0000 INFO [o.n.i.d.DiagnosticsManager]   PropertyIndexStore v0.A.9
2021-02-25 15:53:20.507+0000 INFO [o.n.i.d.DiagnosticsManager]   StringPropertyStore v0.A.9
2021-02-25 15:53:20.510+0000 INFO [o.n.i.d.DiagnosticsManager]   ArrayPropertyStore v0.A.9
2021-02-25 15:53:20.513+0000 INFO [o.n.i.d.DiagnosticsManager]   PropertyStore v0.A.9
2021-02-25 15:53:20.515+0000 INFO [o.n.i.d.DiagnosticsManager]   RelationshipStore v0.A.9
2021-02-25 15:53:20.517+0000 INFO [o.n.i.d.DiagnosticsManager]   StringPropertyStore v0.A.9
2021-02-25 15:53:20.520+0000 INFO [o.n.i.d.DiagnosticsManager]   RelationshipTypeStore v0.A.9
2021-02-25 15:53:20.521+0000 INFO [o.n.i.d.DiagnosticsManager]   StringPropertyStore v0.A.9
2021-02-25 15:53:20.522+0000 INFO [o.n.i.d.DiagnosticsManager]   LabelTokenStore v0.A.9
2021-02-25 15:53:20.524+0000 INFO [o.n.i.d.DiagnosticsManager]   SchemaStore v0.A.9
2021-02-25 15:53:20.530+0000 INFO [o.n.i.d.DiagnosticsManager]   RelationshipGroupStore v0.A.9
2021-02-25 15:53:20.531+0000 INFO [o.n.i.d.DiagnosticsManager]   NeoStore v0.A.9
2021-02-25 15:53:20.533+0000 INFO [o.n.i.d.DiagnosticsManager] --- STARTED diagnostics for NEO_STORE_VERSIONS END ---
2021-02-25 15:53:20.534+0000 INFO [o.n.i.d.DiagnosticsManager] --- STARTED diagnostics for NEO_STORE_ID_USAGE START ---
2021-02-25 15:53:20.536+0000 INFO [o.n.i.d.DiagnosticsManager] Id usage:
2021-02-25 15:53:20.540+0000 INFO [o.n.i.d.DiagnosticsManager]   ArrayPropertyStore: used=1 high=0
2021-02-25 15:53:20.543+0000 INFO [o.n.i.d.DiagnosticsManager]   NodeStore: used=0 high=-1
2021-02-25 15:53:20.546+0000 INFO [o.n.i.d.DiagnosticsManager]   StringPropertyStore: used=1 high=0
2021-02-25 15:53:20.549+0000 INFO [o.n.i.d.DiagnosticsManager]   PropertyIndexStore: used=0 high=-1
2021-02-25 15:53:20.552+0000 INFO [o.n.i.d.DiagnosticsManager]   StringPropertyStore: used=1 high=0
2021-02-25 15:53:20.556+0000 INFO [o.n.i.d.DiagnosticsManager]   ArrayPropertyStore: used=1 high=0
2021-02-25 15:53:20.558+0000 INFO [o.n.i.d.DiagnosticsManager]   PropertyStore: used=0 high=-1
2021-02-25 15:53:20.560+0000 INFO [o.n.i.d.DiagnosticsManager]   RelationshipStore: used=0 high=-1
2021-02-25 15:53:20.561+0000 INFO [o.n.i.d.DiagnosticsManager]   StringPropertyStore: used=1 high=0
2021-02-25 15:53:20.563+0000 INFO [o.n.i.d.DiagnosticsManager]   RelationshipTypeStore: used=0 high=-1
2021-02-25 15:53:20.564+0000 INFO [o.n.i.d.DiagnosticsManager]   StringPropertyStore: used=1 high=0
2021-02-25 15:53:20.565+0000 INFO [o.n.i.d.DiagnosticsManager]   LabelTokenStore: used=0 high=-1
2021-02-25 15:53:20.567+0000 INFO [o.n.i.d.DiagnosticsManager]   SchemaStore: used=1 high=0
2021-02-25 15:53:20.570+0000 INFO [o.n.i.d.DiagnosticsManager]   RelationshipGroupStore: used=1 high=0
2021-02-25 15:53:20.573+0000 INFO [o.n.i.d.DiagnosticsManager]   NeoStore: used=15 high=14
2021-02-25 15:53:20.577+0000 INFO [o.n.i.d.DiagnosticsManager] --- STARTED diagnostics for NEO_STORE_ID_USAGE END ---
2021-02-25 15:53:20.579+0000 INFO [o.n.i.d.DiagnosticsManager] --- STARTED diagnostics for NEO_STORE_RECORDS START ---
2021-02-25 15:53:20.582+0000 INFO [o.n.i.d.DiagnosticsManager] Neostore records:
2021-02-25 15:53:20.589+0000 INFO [o.n.i.d.DiagnosticsManager] TIME (Creation time): 1614268397636
2021-02-25 15:53:20.591+0000 INFO [o.n.i.d.DiagnosticsManager] RANDOM_NUMBER (Random number for store id): -7973394192733346290
2021-02-25 15:53:20.593+0000 INFO [o.n.i.d.DiagnosticsManager] LOG_VERSION (Current log version): 0
2021-02-25 15:53:20.594+0000 INFO [o.n.i.d.DiagnosticsManager] LAST_TRANSACTION_ID (Last committed transaction): 1
2021-02-25 15:53:20.595+0000 INFO [o.n.i.d.DiagnosticsManager] STORE_VERSION (Store format version): 16094931155187206
2021-02-25 15:53:20.597+0000 INFO [o.n.i.d.DiagnosticsManager] FIRST_GRAPH_PROPERTY (First property record containing graph properties): -1
2021-02-25 15:53:20.598+0000 INFO [o.n.i.d.DiagnosticsManager] LAST_CONSTRAINT_TRANSACTION (Last committed transaction containing constraint changes): 0
2021-02-25 15:53:20.599+0000 INFO [o.n.i.d.DiagnosticsManager] UPGRADE_TRANSACTION_ID (Transaction id most recent upgrade was performed at): 1
2021-02-25 15:53:20.600+0000 INFO [o.n.i.d.DiagnosticsManager] UPGRADE_TIME (Time of last upgrade): 1614268397636
2021-02-25 15:53:20.602+0000 INFO [o.n.i.d.DiagnosticsManager] LAST_TRANSACTION_CHECKSUM (Checksum of last committed transaction): 0
2021-02-25 15:53:20.603+0000 INFO [o.n.i.d.DiagnosticsManager] UPGRADE_TRANSACTION_CHECKSUM (Checksum of transaction id the most recent upgrade was performed at): 0
2021-02-25 15:53:20.606+0000 INFO [o.n.i.d.DiagnosticsManager] LAST_CLOSED_TRANSACTION_LOG_VERSION (Log version where the last transaction commit entry has been written into): 0
2021-02-25 15:53:20.609+0000 INFO [o.n.i.d.DiagnosticsManager] LAST_CLOSED_TRANSACTION_LOG_BYTE_OFFSET (Byte offset in the log file where the last transaction commit entry has been written into): 16
2021-02-25 15:53:20.611+0000 INFO [o.n.i.d.DiagnosticsManager] LAST_TRANSACTION_COMMIT_TIMESTAMP (Commit time timestamp for last committed transaction): 0
2021-02-25 15:53:20.613+0000 INFO [o.n.i.d.DiagnosticsManager] UPGRADE_TRANSACTION_COMMIT_TIMESTAMP (Commit timestamp of transaction the most recent upgrade was performed at): 0
2021-02-25 15:53:20.615+0000 INFO [o.n.i.d.DiagnosticsManager] --- STARTED diagnostics for NEO_STORE_RECORDS END ---
2021-02-25 15:53:20.620+0000 INFO [o.n.i.d.DiagnosticsManager] --- STARTED diagnostics for TRANSACTION_RANGE START ---
2021-02-25 15:53:20.621+0000 INFO [o.n.i.d.DiagnosticsManager] Transaction log:
2021-02-25 15:53:20.627+0000 INFO [o.n.i.d.DiagnosticsManager] No transactions found in any log
2021-02-25 15:53:20.628+0000 INFO [o.n.i.d.DiagnosticsManager] --- STARTED diagnostics for TRANSACTION_RANGE END ---
2021-02-25 15:53:20.633+0000 INFO [o.n.i.d.DiagnosticsManager] --- STARTED diagnostics for KernelDiagnostics:StoreFiles START ---
2021-02-25 15:53:20.637+0000 INFO [o.n.i.d.DiagnosticsManager] Disk space on partition (Total / Free / Free %): 499963174912 / 357177200640 / 71
2021-02-25 15:53:20.639+0000 INFO [o.n.i.d.DiagnosticsManager] Storage files: (filename : modification date - size)
2021-02-25 15:53:20.657+0000 INFO [o.n.i.d.DiagnosticsManager]   index:
2021-02-25 15:53:20.660+0000 INFO [o.n.i.d.DiagnosticsManager]   - Total: 2021-02-25T15:53:19+0000 - 0.00 B
2021-02-25 15:53:20.662+0000 INFO [o.n.i.d.DiagnosticsManager]   neostore: 2021-02-25T15:53:17+0000 - 8.00 kB
2021-02-25 15:53:20.672+0000 INFO [o.n.i.d.DiagnosticsManager]   neostore.counts.db.a: 2021-02-25T15:53:20+0000 - 96.00 B
2021-02-25 15:53:20.680+0000 INFO [o.n.i.d.DiagnosticsManager]   neostore.id: 2021-02-25T15:53:17+0000 - 9.00 B
2021-02-25 15:53:20.687+0000 INFO [o.n.i.d.DiagnosticsManager]   neostore.labelscanstore.db: 2021-02-25T15:53:20+0000 - 40.00 kB
2021-02-25 15:53:20.690+0000 INFO [o.n.i.d.DiagnosticsManager]   neostore.labeltokenstore.db: 2021-02-25T15:53:17+0000 - 0.00 B
2021-02-25 15:53:20.693+0000 INFO [o.n.i.d.DiagnosticsManager]   neostore.labeltokenstore.db.id: 2021-02-25T15:53:17+0000 - 9.00 B
2021-02-25 15:53:20.694+0000 INFO [o.n.i.d.DiagnosticsManager]   neostore.labeltokenstore.db.names: 2021-02-25T15:53:17+0000 - 8.00 kB
2021-02-25 15:53:20.696+0000 INFO [o.n.i.d.DiagnosticsManager]   neostore.labeltokenstore.db.names.id: 2021-02-25T15:53:17+0000 - 9.00 B
2021-02-25 15:53:20.697+0000 INFO [o.n.i.d.DiagnosticsManager]   neostore.nodestore.db: 2021-02-25T15:53:16+0000 - 0.00 B
2021-02-25 15:53:20.698+0000 INFO [o.n.i.d.DiagnosticsManager]   neostore.nodestore.db.id: 2021-02-25T15:53:16+0000 - 9.00 B
2021-02-25 15:53:20.700+0000 INFO [o.n.i.d.DiagnosticsManager]   neostore.nodestore.db.labels: 2021-02-25T15:53:16+0000 - 8.00 kB
2021-02-25 15:53:20.702+0000 INFO [o.n.i.d.DiagnosticsManager]   neostore.nodestore.db.labels.id: 2021-02-25T15:53:16+0000 - 9.00 B
2021-02-25 15:53:20.704+0000 INFO [o.n.i.d.DiagnosticsManager]   neostore.propertystore.db: 2021-02-25T15:53:16+0000 - 0.00 B
2021-02-25 15:53:20.706+0000 INFO [o.n.i.d.DiagnosticsManager]   neostore.propertystore.db.arrays: 2021-02-25T15:53:16+0000 - 8.00 kB
2021-02-25 15:53:20.711+0000 INFO [o.n.i.d.DiagnosticsManager]   neostore.propertystore.db.arrays.id: 2021-02-25T15:53:16+0000 - 9.00 B
2021-02-25 15:53:20.713+0000 INFO [o.n.i.d.DiagnosticsManager]   neostore.propertystore.db.id: 2021-02-25T15:53:17+0000 - 9.00 B
2021-02-25 15:53:20.715+0000 INFO [o.n.i.d.DiagnosticsManager]   neostore.propertystore.db.index: 2021-02-25T15:53:16+0000 - 0.00 B
2021-02-25 15:53:20.719+0000 INFO [o.n.i.d.DiagnosticsManager]   neostore.propertystore.db.index.id: 2021-02-25T15:53:16+0000 - 9.00 B
2021-02-25 15:53:20.723+0000 INFO [o.n.i.d.DiagnosticsManager]   neostore.propertystore.db.index.keys: 2021-02-25T15:53:16+0000 - 8.00 kB
2021-02-25 15:53:20.726+0000 INFO [o.n.i.d.DiagnosticsManager]   neostore.propertystore.db.index.keys.id: 2021-02-25T15:53:16+0000 - 9.00 B
2021-02-25 15:53:20.727+0000 INFO [o.n.i.d.DiagnosticsManager]   neostore.propertystore.db.strings: 2021-02-25T15:53:16+0000 - 8.00 kB
2021-02-25 15:53:20.729+0000 INFO [o.n.i.d.DiagnosticsManager]   neostore.propertystore.db.strings.id: 2021-02-25T15:53:16+0000 - 9.00 B
2021-02-25 15:53:20.730+0000 INFO [o.n.i.d.DiagnosticsManager]   neostore.relationshipgroupstore.db: 2021-02-25T15:53:17+0000 - 8.00 kB
2021-02-25 15:53:20.734+0000 INFO [o.n.i.d.DiagnosticsManager]   neostore.relationshipgroupstore.db.id: 2021-02-25T15:53:17+0000 - 9.00 B
2021-02-25 15:53:20.737+0000 INFO [o.n.i.d.DiagnosticsManager]   neostore.relationshipstore.db: 2021-02-25T15:53:17+0000 - 0.00 B
2021-02-25 15:53:20.740+0000 INFO [o.n.i.d.DiagnosticsManager]   neostore.relationshipstore.db.id: 2021-02-25T15:53:17+0000 - 9.00 B
2021-02-25 15:53:20.744+0000 INFO [o.n.i.d.DiagnosticsManager]   neostore.relationshiptypestore.db: 2021-02-25T15:53:17+0000 - 0.00 B
2021-02-25 15:53:20.747+0000 INFO [o.n.i.d.DiagnosticsManager]   neostore.relationshiptypestore.db.id: 2021-02-25T15:53:17+0000 - 9.00 B
2021-02-25 15:53:20.754+0000 INFO [o.n.i.d.DiagnosticsManager]   neostore.relationshiptypestore.db.names: 2021-02-25T15:53:17+0000 - 8.00 kB
2021-02-25 15:53:20.757+0000 INFO [o.n.i.d.DiagnosticsManager]   neostore.relationshiptypestore.db.names.id: 2021-02-25T15:53:17+0000 - 9.00 B
2021-02-25 15:53:20.761+0000 INFO [o.n.i.d.DiagnosticsManager]   neostore.schemastore.db: 2021-02-25T15:53:17+0000 - 8.00 kB
2021-02-25 15:53:20.763+0000 INFO [o.n.i.d.DiagnosticsManager]   neostore.schemastore.db.id: 2021-02-25T15:53:17+0000 - 9.00 B
2021-02-25 15:53:20.768+0000 INFO [o.n.i.d.DiagnosticsManager]   neostore.transaction.db.0: 2021-02-25T15:53:20+0000 - 16.00 B
2021-02-25 15:53:20.770+0000 INFO [o.n.i.d.DiagnosticsManager] Storage summary: 
2021-02-25 15:53:20.773+0000 INFO [o.n.i.d.DiagnosticsManager]   Total size of store: 112.24 kB
2021-02-25 15:53:20.777+0000 INFO [o.n.i.d.DiagnosticsManager]   Total size of mapped files: 112.00 kB
2021-02-25 15:53:20.780+0000 INFO [o.n.i.d.DiagnosticsManager] --- STARTED diagnostics for KernelDiagnostics:StoreFiles END ---
2021-02-25 15:53:20.783+0000 INFO [o.n.k.a.DatabaseAvailabilityGuard] Fulfilling of requirement 'Database available' makes database graph.db available.
2021-02-25 15:53:20.786+0000 INFO [o.n.k.a.DatabaseAvailabilityGuard] Database graph.db is ready.
2021-02-25 15:53:20.788+0000 INFO [o.n.k.i.DatabaseHealth] Database health set to OK
2021-02-25 15:53:22.803+0000 INFO [o.n.b.BoltServer] Bolt server loaded
2021-02-25 15:53:23.715+0000 INFO [o.n.b.BoltServer] Bolt enabled on 0.0.0.0:7687.
2021-02-25 15:53:28.729+0000 INFO [o.n.i.d.DiagnosticsManager] --- SERVER STARTED START ---
2021-02-25 15:53:31.360+0000 INFO [o.n.i.d.DiagnosticsManager] --- SERVER STARTED END ---
